# JRE version: OpenJDK Runtime Environment (17.0.11) (build 17.0.11+0--11852314)
# Java VM: OpenJDK 64-Bit Server VM (17.0.11+0--11852314, mixed mode, tiered, compressed oops, compressed class ptrs, g1 gc, windows-amd64)
GC Precious Log:
 CPUs: 8 total, 8 available
 Memory: 3982M
 Large Page Support: Disabled
 NUMA Support: Disabled
 Compressed Oops: Enabled (32-bit)
 Heap Region Size: 1M
 Heap Min Capacity: 8M
 Heap Initial Capacity: 64M
 Heap Max Capacity: 996M
 Pre-touch: Disabled
 Parallel Workers: 8
 Concurrent Workers: 2
 Concurrent Refinement Workers: 8
 Periodic GC: Disabled
Heap:
 garbage-first heap   total 121856K, used 72727K [0x00000000c1c00000, 0x0000000100000000)
  region size 1024K, 2 young (2048K), 2 survivors (2048K)
 Metaspace       used 72943K, committed 73216K, reserved 1114112K
  class space    used 8324K, committed 8448K, reserved 1048576K
GC Heap History (20 events):
Event: 32.841 GC heap after
{Heap after GC invocations=17 (full 0):
 garbage-first heap   total 99328K, used 50685K [0x00000000c1c00000, 0x0000000100000000)
  region size 1024K, 4 young (4096K), 4 survivors (4096K)
 Metaspace       used 59568K, committed 59840K, reserved 1114112K
  class space    used 7067K, committed 7232K, reserved 1048576K
}
Event: 33.371 GC heap before
{Heap before GC invocations=17 (full 0):
 garbage-first heap   total 99328K, used 70141K [0x00000000c1c00000, 0x0000000100000000)
  region size 1024K, 25 young (25600K), 4 survivors (4096K)
 Metaspace       used 60049K, committed 60288K, reserved 1114112K
  class space    used 7098K, committed 7232K, reserved 1048576K
}
Event: 33.388 GC heap after
{Heap after GC invocations=18 (full 0):
 garbage-first heap   total 99328K, used 53547K [0x00000000c1c00000, 0x0000000100000000)
  region size 1024K, 3 young (3072K), 3 survivors (3072K)
 Metaspace       used 60049K, committed 60288K, reserved 1114112K
  class space    used 7098K, committed 7232K, reserved 1048576K
}
Event: 34.980 GC heap before
{Heap before GC invocations=19 (full 0):
 garbage-first heap   total 99328K, used 78123K [0x00000000c1c00000, 0x0000000100000000)
  region size 1024K, 27 young (27648K), 3 survivors (3072K)
 Metaspace       used 62509K, committed 62784K, reserved 1114112K
  class space    used 7474K, committed 7616K, reserved 1048576K
}
Event: 35.017 GC heap after
{Heap after GC invocations=20 (full 0):
 garbage-first heap   total 99328K, used 57345K [0x00000000c1c00000, 0x0000000100000000)
  region size 1024K, 4 young (4096K), 4 survivors (4096K)
 Metaspace       used 62509K, committed 62784K, reserved 1114112K
  class space    used 7474K, committed 7616K, reserved 1048576K
}
Event: 35.116 GC heap before
{Heap before GC invocations=20 (full 0):
 garbage-first heap   total 99328K, used 58369K [0x00000000c1c00000, 0x0000000100000000)
  region size 1024K, 5 young (5120K), 4 survivors (4096K)
 Metaspace       used 62552K, committed 62848K, reserved 1114112K
  class space    used 7476K, committed 7616K, reserved 1048576K
}
Event: 35.137 GC heap after
{Heap after GC invocations=21 (full 0):
 garbage-first heap   total 121856K, used 57313K [0x00000000c1c00000, 0x0000000100000000)
  region size 1024K, 1 young (1024K), 1 survivors (1024K)
 Metaspace       used 62552K, committed 62848K, reserved 1114112K
  class space    used 7476K, committed 7616K, reserved 1048576K
}
Event: 39.817 GC heap before
{Heap before GC invocations=21 (full 0):
 garbage-first heap   total 121856K, used 93153K [0x00000000c1c00000, 0x0000000100000000)
  region size 1024K, 36 young (36864K), 1 survivors (1024K)
 Metaspace       used 65856K, committed 66176K, reserved 1114112K
  class space    used 7721K, committed 7872K, reserved 1048576K
}
Event: 39.846 GC heap after
{Heap after GC invocations=22 (full 0):
 garbage-first heap   total 121856K, used 61548K [0x00000000c1c00000, 0x0000000100000000)
  region size 1024K, 5 young (5120K), 5 survivors (5120K)
 Metaspace       used 65856K, committed 66176K, reserved 1114112K
  class space    used 7721K, committed 7872K, reserved 1048576K
}
Event: 50.410 GC heap before
{Heap before GC invocations=23 (full 0):
 garbage-first heap   total 121856K, used 95340K [0x00000000c1c00000, 0x0000000100000000)
  region size 1024K, 38 young (38912K), 5 survivors (5120K)
 Metaspace       used 67088K, committed 67392K, reserved 1114112K
  class space    used 7786K, committed 7936K, reserved 1048576K
}
Event: 50.483 GC heap after
{Heap after GC invocations=24 (full 0):
 garbage-first heap   total 121856K, used 66403K [0x00000000c1c00000, 0x0000000100000000)
  region size 1024K, 5 young (5120K), 5 survivors (5120K)
 Metaspace       used 67088K, committed 67392K, reserved 1114112K
  class space    used 7786K, committed 7936K, reserved 1048576K
}
Event: 50.594 GC heap before
{Heap before GC invocations=24 (full 0):
 garbage-first heap   total 121856K, used 67427K [0x00000000c1c00000, 0x0000000100000000)
  region size 1024K, 6 young (6144K), 5 survivors (5120K)
 Metaspace       used 67131K, committed 67456K, reserved 1114112K
  class space    used 7786K, committed 7936K, reserved 1048576K
}
Event: 50.622 GC heap after
{Heap after GC invocations=25 (full 0):
 garbage-first heap   total 121856K, used 66378K [0x00000000c1c00000, 0x0000000100000000)
  region size 1024K, 1 young (1024K), 1 survivors (1024K)
 Metaspace       used 67131K, committed 67456K, reserved 1114112K
  class space    used 7786K, committed 7936K, reserved 1048576K
}
Event: 55.502 GC heap before
{Heap before GC invocations=25 (full 0):
 garbage-first heap   total 121856K, used 97098K [0x00000000c1c00000, 0x0000000100000000)
  region size 1024K, 31 young (31744K), 1 survivors (1024K)
 Metaspace       used 67869K, committed 68224K, reserved 1114112K
  class space    used 7821K, committed 8000K, reserved 1048576K
}
Event: 55.540 GC heap after
{Heap after GC invocations=26 (full 0):
 garbage-first heap   total 121856K, used 68833K [0x00000000c1c00000, 0x0000000100000000)
  region size 1024K, 4 young (4096K), 4 survivors (4096K)
 Metaspace       used 67869K, committed 68224K, reserved 1114112K
  class space    used 7821K, committed 8000K, reserved 1048576K
}
Event: 59.593 GC heap before
{Heap before GC invocations=27 (full 0):
 garbage-first heap   total 121856K, used 97505K [0x00000000c1c00000, 0x0000000100000000)
  region size 1024K, 32 young (32768K), 4 survivors (4096K)
 Metaspace       used 68549K, committed 68800K, reserved 1114112K
  class space    used 7876K, committed 8000K, reserved 1048576K
}
Event: 59.724 GC heap after
{Heap after GC invocations=28 (full 0):
 garbage-first heap   total 121856K, used 72058K [0x00000000c1c00000, 0x0000000100000000)
  region size 1024K, 4 young (4096K), 4 survivors (4096K)
 Metaspace       used 68549K, committed 68800K, reserved 1114112K
  class space    used 7876K, committed 8000K, reserved 1048576K
}
Event: 59.763 GC heap before
{Heap before GC invocations=28 (full 0):
 garbage-first heap   total 121856K, used 73082K [0x00000000c1c00000, 0x0000000100000000)
  region size 1024K, 5 young (5120K), 4 survivors (4096K)
 Metaspace       used 68558K, committed 68800K, reserved 1114112K
  class space    used 7876K, committed 8000K, reserved 1048576K
}
Event: 59.904 GC heap after
{Heap after GC invocations=29 (full 0):
 garbage-first heap   total 121856K, used 71146K [0x00000000c1c00000, 0x0000000100000000)
  region size 1024K, 1 young (1024K), 1 survivors (1024K)
 Metaspace       used 68558K, committed 68800K, reserved 1114112K
  class space    used 7876K, committed 8000K, reserved 1048576K
}
Event: 62.229 GC heap before
{Heap before GC invocations=29 (full 0):
 garbage-first heap   total 121856K, used 97770K [0x00000000c1c00000, 0x0000000100000000)
  region size 1024K, 27 young (27648K), 1 survivors (1024K)
 Metaspace       used 72943K, committed 73216K, reserved 1114112K
  class space    used 8324K, committed 8448K, reserved 1048576K
}

